{"numFailedTestSuites":0,"numFailedTests":0,"numPassedTestSuites":4,"numPassedTests":6,"numPendingTestSuites":0,"numPendingTests":0,"numRuntimeErrorTestSuites":0,"numTodoTests":0,"numTotalTestSuites":4,"numTotalTests":6,"openHandles":[],"snapshot":{"added":0,"didUpdate":false,"failure":false,"filesAdded":0,"filesRemoved":0,"filesRemovedList":[],"filesUnmatched":0,"filesUpdated":0,"matched":0,"total":0,"unchecked":0,"uncheckedKeysByFile":[],"unmatched":0,"updated":0},"startTime":1609694870956,"success":true,"testResults":[{"assertionResults":[{"ancestorTitles":["EventList","when given valid props"],"failureMessages":[],"fullName":"EventList when given valid props renders","location":null,"status":"passed","title":"renders"}],"endTime":1609694874953,"message":"","name":"/home/dacm/Projects/LEV/lev/components/event-list/spec/EventList.ts","startTime":1609694872127,"status":"passed","summary":""},{"assertionResults":[{"ancestorTitles":["BirthSummary","when given valid props"],"failureMessages":[],"fullName":"BirthSummary when given valid props renders","location":null,"status":"passed","title":"renders"}],"endTime":1609694875355,"message":"","name":"/home/dacm/Projects/LEV/lev/components/birth-summary/spec/BirthSummary.ts","startTime":1609694872288,"status":"passed","summary":""},{"assertionResults":[{"ancestorTitles":["DateInput","when given valid props"],"failureMessages":[],"fullName":"DateInput when given valid props renders","location":null,"status":"passed","title":"renders"},{"ancestorTitles":["DateInput","when given valid props"],"failureMessages":[],"fullName":"DateInput when given valid props contains the label","location":null,"status":"passed","title":"contains the label"},{"ancestorTitles":["DateInput","when given valid props"],"failureMessages":[],"fullName":"DateInput when given valid props contains the hint","location":null,"status":"passed","title":"contains the hint"}],"endTime":1609694876556,"message":"","name":"/home/dacm/Projects/LEV/lev/components/date-input/spec/DateInput.ts","startTime":1609694872191,"status":"passed","summary":""},{"assertionResults":[{"ancestorTitles":["BirthDetails","when given valid props"],"failureMessages":[],"fullName":"BirthDetails when given valid props renders","location":null,"status":"passed","title":"renders"}],"endTime":1609694876834,"message":"","name":"/home/dacm/Projects/LEV/lev/components/birth-details/spec/BirthDetails.ts","startTime":1609694872242,"status":"passed","summary":""}],"wasInterrupted":false,"coverageMap":{}}