{"numFailedTestSuites":1,"numFailedTests":17,"numPassedTestSuites":1,"numPassedTests":10,"numPendingTestSuites":0,"numPendingTests":0,"numRuntimeErrorTestSuites":0,"numTodoTests":0,"numTotalTestSuites":2,"numTotalTests":27,"openHandles":[],"snapshot":{"added":0,"didUpdate":false,"failure":false,"filesAdded":0,"filesRemoved":0,"filesRemovedList":[],"filesUnmatched":0,"filesUpdated":0,"matched":0,"total":0,"unchecked":0,"uncheckedKeysByFile":[],"unmatched":0,"updated":0},"startTime":1632495912268,"success":false,"testResults":[{"assertionResults":[{"ancestorTitles":["DateInputHelper","when given a valid date"],"failureMessages":[],"fullName":"DateInputHelper when given a valid date formats correctly","location":null,"status":"passed","title":"formats correctly"},{"ancestorTitles":["DateInputHelper","when given a valid date"],"failureMessages":["Error: \u001b[2mexpect(\u001b[22m\u001b[31mreceived\u001b[39m\u001b[2m).\u001b[22mtoEqual\u001b[2m(\u001b[22m\u001b[32mexpected\u001b[39m\u001b[2m) // deep equality\u001b[22m\n\nExpected: \u001b[32mtrue\u001b[39m\nReceived: \u001b[31mundefined\u001b[39m\n    at Object.<anonymous> (/Users/douglaspollock/Documents/projects/lev/components/date-input/spec/DateInputHelper.ts:7:91)\n    at Object.asyncJestTest (/Users/douglaspollock/Documents/projects/lev/node_modules/.pnpm/jest-jasmine2@26.6.1/node_modules/jest-jasmine2/build/jasmineAsyncInstall.js:106:37)\n    at /Users/douglaspollock/Documents/projects/lev/node_modules/.pnpm/jest-jasmine2@26.6.1/node_modules/jest-jasmine2/build/queueRunner.js:45:12\n    at new Promise (<anonymous>)\n    at mapper (/Users/douglaspollock/Documents/projects/lev/node_modules/.pnpm/jest-jasmine2@26.6.1/node_modules/jest-jasmine2/build/queueRunner.js:28:19)\n    at /Users/douglaspollock/Documents/projects/lev/node_modules/.pnpm/jest-jasmine2@26.6.1/node_modules/jest-jasmine2/build/queueRunner.js:75:41\n    at processTicksAndRejections (internal/process/task_queues.js:93:5)"],"fullName":"DateInputHelper when given a valid date is accepted by luxon","location":null,"status":"failed","title":"is accepted by luxon"},{"ancestorTitles":["DateInputHelper","when given a valid date"],"failureMessages":[],"fullName":"DateInputHelper when given a valid date formats correctly","location":null,"status":"passed","title":"formats correctly"},{"ancestorTitles":["DateInputHelper","when given a valid date"],"failureMessages":["Error: \u001b[2mexpect(\u001b[22m\u001b[31mreceived\u001b[39m\u001b[2m).\u001b[22mtoEqual\u001b[2m(\u001b[22m\u001b[32mexpected\u001b[39m\u001b[2m) // deep equality\u001b[22m\n\nExpected: \u001b[32mtrue\u001b[39m\nReceived: \u001b[31mundefined\u001b[39m\n    at Object.<anonymous> (/Users/douglaspollock/Documents/projects/lev/components/date-input/spec/DateInputHelper.ts:9:91)\n    at Object.asyncJestTest (/Users/douglaspollock/Documents/projects/lev/node_modules/.pnpm/jest-jasmine2@26.6.1/node_modules/jest-jasmine2/build/jasmineAsyncInstall.js:106:37)\n    at /Users/douglaspollock/Documents/projects/lev/node_modules/.pnpm/jest-jasmine2@26.6.1/node_modules/jest-jasmine2/build/queueRunner.js:45:12\n    at new Promise (<anonymous>)\n    at mapper (/Users/douglaspollock/Documents/projects/lev/node_modules/.pnpm/jest-jasmine2@26.6.1/node_modules/jest-jasmine2/build/queueRunner.js:28:19)\n    at /Users/douglaspollock/Documents/projects/lev/node_modules/.pnpm/jest-jasmine2@26.6.1/node_modules/jest-jasmine2/build/queueRunner.js:75:41\n    at processTicksAndRejections (internal/process/task_queues.js:93:5)"],"fullName":"DateInputHelper when given a valid date is accepted by luxon","location":null,"status":"failed","title":"is accepted by luxon"},{"ancestorTitles":["DateInputHelper","when given a valid date"],"failureMessages":[],"fullName":"DateInputHelper when given a valid date formats correctly","location":null,"status":"passed","title":"formats correctly"},{"ancestorTitles":["DateInputHelper","when given a valid date"],"failureMessages":["Error: \u001b[2mexpect(\u001b[22m\u001b[31mreceived\u001b[39m\u001b[2m).\u001b[22mtoEqual\u001b[2m(\u001b[22m\u001b[32mexpected\u001b[39m\u001b[2m) // deep equality\u001b[22m\n\nExpected: \u001b[32mtrue\u001b[39m\nReceived: \u001b[31mundefined\u001b[39m\n    at Object.<anonymous> (/Users/douglaspollock/Documents/projects/lev/components/date-input/spec/DateInputHelper.ts:11:91)\n    at Object.asyncJestTest (/Users/douglaspollock/Documents/projects/lev/node_modules/.pnpm/jest-jasmine2@26.6.1/node_modules/jest-jasmine2/build/jasmineAsyncInstall.js:106:37)\n    at /Users/douglaspollock/Documents/projects/lev/node_modules/.pnpm/jest-jasmine2@26.6.1/node_modules/jest-jasmine2/build/queueRunner.js:45:12\n    at new Promise (<anonymous>)\n    at mapper (/Users/douglaspollock/Documents/projects/lev/node_modules/.pnpm/jest-jasmine2@26.6.1/node_modules/jest-jasmine2/build/queueRunner.js:28:19)\n    at /Users/douglaspollock/Documents/projects/lev/node_modules/.pnpm/jest-jasmine2@26.6.1/node_modules/jest-jasmine2/build/queueRunner.js:75:41\n    at processTicksAndRejections (internal/process/task_queues.js:93:5)"],"fullName":"DateInputHelper when given a valid date is accepted by luxon","location":null,"status":"failed","title":"is accepted by luxon"},{"ancestorTitles":["DateInputHelper","when given a valid date"],"failureMessages":[],"fullName":"DateInputHelper when given a valid date formats correctly","location":null,"status":"passed","title":"formats correctly"},{"ancestorTitles":["DateInputHelper","when given a valid date"],"failureMessages":["Error: \u001b[2mexpect(\u001b[22m\u001b[31mreceived\u001b[39m\u001b[2m).\u001b[22mtoEqual\u001b[2m(\u001b[22m\u001b[32mexpected\u001b[39m\u001b[2m) // deep equality\u001b[22m\n\nExpected: \u001b[32mtrue\u001b[39m\nReceived: \u001b[31mundefined\u001b[39m\n    at Object.<anonymous> (/Users/douglaspollock/Documents/projects/lev/components/date-input/spec/DateInputHelper.ts:13:89)\n    at Object.asyncJestTest (/Users/douglaspollock/Documents/projects/lev/node_modules/.pnpm/jest-jasmine2@26.6.1/node_modules/jest-jasmine2/build/jasmineAsyncInstall.js:106:37)\n    at /Users/douglaspollock/Documents/projects/lev/node_modules/.pnpm/jest-jasmine2@26.6.1/node_modules/jest-jasmine2/build/queueRunner.js:45:12\n    at new Promise (<anonymous>)\n    at mapper (/Users/douglaspollock/Documents/projects/lev/node_modules/.pnpm/jest-jasmine2@26.6.1/node_modules/jest-jasmine2/build/queueRunner.js:28:19)\n    at /Users/douglaspollock/Documents/projects/lev/node_modules/.pnpm/jest-jasmine2@26.6.1/node_modules/jest-jasmine2/build/queueRunner.js:75:41\n    at processTicksAndRejections (internal/process/task_queues.js:93:5)"],"fullName":"DateInputHelper when given a valid date is accepted by luxon","location":null,"status":"failed","title":"is accepted by luxon"},{"ancestorTitles":["DateInputHelper","when given a valid date"],"failureMessages":[],"fullName":"DateInputHelper when given a valid date formats correctly","location":null,"status":"passed","title":"formats correctly"},{"ancestorTitles":["DateInputHelper","when given a valid date"],"failureMessages":["Error: \u001b[2mexpect(\u001b[22m\u001b[31mreceived\u001b[39m\u001b[2m).\u001b[22mtoEqual\u001b[2m(\u001b[22m\u001b[32mexpected\u001b[39m\u001b[2m) // deep equality\u001b[22m\n\nExpected: \u001b[32mtrue\u001b[39m\nReceived: \u001b[31mundefined\u001b[39m\n    at Object.<anonymous> (/Users/douglaspollock/Documents/projects/lev/components/date-input/spec/DateInputHelper.ts:15:89)\n    at Object.asyncJestTest (/Users/douglaspollock/Documents/projects/lev/node_modules/.pnpm/jest-jasmine2@26.6.1/node_modules/jest-jasmine2/build/jasmineAsyncInstall.js:106:37)\n    at /Users/douglaspollock/Documents/projects/lev/node_modules/.pnpm/jest-jasmine2@26.6.1/node_modules/jest-jasmine2/build/queueRunner.js:45:12\n    at new Promise (<anonymous>)\n    at mapper (/Users/douglaspollock/Documents/projects/lev/node_modules/.pnpm/jest-jasmine2@26.6.1/node_modules/jest-jasmine2/build/queueRunner.js:28:19)\n    at /Users/douglaspollock/Documents/projects/lev/node_modules/.pnpm/jest-jasmine2@26.6.1/node_modules/jest-jasmine2/build/queueRunner.js:75:41\n    at processTicksAndRejections (internal/process/task_queues.js:93:5)"],"fullName":"DateInputHelper when given a valid date is accepted by luxon","location":null,"status":"failed","title":"is accepted by luxon"},{"ancestorTitles":["DateInputHelper","when given a valid date"],"failureMessages":[],"fullName":"DateInputHelper when given a valid date formats correctly","location":null,"status":"passed","title":"formats correctly"},{"ancestorTitles":["DateInputHelper","when given a valid date"],"failureMessages":["Error: \u001b[2mexpect(\u001b[22m\u001b[31mreceived\u001b[39m\u001b[2m).\u001b[22mtoEqual\u001b[2m(\u001b[22m\u001b[32mexpected\u001b[39m\u001b[2m) // deep equality\u001b[22m\n\nExpected: \u001b[32mtrue\u001b[39m\nReceived: \u001b[31mundefined\u001b[39m\n    at Object.<anonymous> (/Users/douglaspollock/Documents/projects/lev/components/date-input/spec/DateInputHelper.ts:17:89)\n    at Object.asyncJestTest (/Users/douglaspollock/Documents/projects/lev/node_modules/.pnpm/jest-jasmine2@26.6.1/node_modules/jest-jasmine2/build/jasmineAsyncInstall.js:106:37)\n    at /Users/douglaspollock/Documents/projects/lev/node_modules/.pnpm/jest-jasmine2@26.6.1/node_modules/jest-jasmine2/build/queueRunner.js:45:12\n    at new Promise (<anonymous>)\n    at mapper (/Users/douglaspollock/Documents/projects/lev/node_modules/.pnpm/jest-jasmine2@26.6.1/node_modules/jest-jasmine2/build/queueRunner.js:28:19)\n    at /Users/douglaspollock/Documents/projects/lev/node_modules/.pnpm/jest-jasmine2@26.6.1/node_modules/jest-jasmine2/build/queueRunner.js:75:41\n    at processTicksAndRejections (internal/process/task_queues.js:93:5)"],"fullName":"DateInputHelper when given a valid date is accepted by luxon","location":null,"status":"failed","title":"is accepted by luxon"},{"ancestorTitles":["DateInputHelper","when given a valid date"],"failureMessages":[],"fullName":"DateInputHelper when given a valid date formats correctly","location":null,"status":"passed","title":"formats correctly"},{"ancestorTitles":["DateInputHelper","when given a valid date"],"failureMessages":["Error: \u001b[2mexpect(\u001b[22m\u001b[31mreceived\u001b[39m\u001b[2m).\u001b[22mtoEqual\u001b[2m(\u001b[22m\u001b[32mexpected\u001b[39m\u001b[2m) // deep equality\u001b[22m\n\nExpected: \u001b[32mtrue\u001b[39m\nReceived: \u001b[31mundefined\u001b[39m\n    at Object.<anonymous> (/Users/douglaspollock/Documents/projects/lev/components/date-input/spec/DateInputHelper.ts:19:90)\n    at Object.asyncJestTest (/Users/douglaspollock/Documents/projects/lev/node_modules/.pnpm/jest-jasmine2@26.6.1/node_modules/jest-jasmine2/build/jasmineAsyncInstall.js:106:37)\n    at /Users/douglaspollock/Documents/projects/lev/node_modules/.pnpm/jest-jasmine2@26.6.1/node_modules/jest-jasmine2/build/queueRunner.js:45:12\n    at new Promise (<anonymous>)\n    at mapper (/Users/douglaspollock/Documents/projects/lev/node_modules/.pnpm/jest-jasmine2@26.6.1/node_modules/jest-jasmine2/build/queueRunner.js:28:19)\n    at /Users/douglaspollock/Documents/projects/lev/node_modules/.pnpm/jest-jasmine2@26.6.1/node_modules/jest-jasmine2/build/queueRunner.js:75:41\n    at processTicksAndRejections (internal/process/task_queues.js:93:5)"],"fullName":"DateInputHelper when given a valid date is accepted by luxon","location":null,"status":"failed","title":"is accepted by luxon"},{"ancestorTitles":["DateInputHelper","when given a valid date"],"failureMessages":["Error: \u001b[2mexpect(\u001b[22m\u001b[31mreceived\u001b[39m\u001b[2m).\u001b[22mtoEqual\u001b[2m(\u001b[22m\u001b[32mexpected\u001b[39m\u001b[2m) // deep equality\u001b[22m\n\nExpected: \u001b[32m\"2010-02-29\"\u001b[39m\nReceived: \u001b[31mundefined\u001b[39m\n    at Object.<anonymous> (/Users/douglaspollock/Documents/projects/lev/components/date-input/spec/DateInputHelper.ts:20:80)\n    at Object.asyncJestTest (/Users/douglaspollock/Documents/projects/lev/node_modules/.pnpm/jest-jasmine2@26.6.1/node_modules/jest-jasmine2/build/jasmineAsyncInstall.js:106:37)\n    at /Users/douglaspollock/Documents/projects/lev/node_modules/.pnpm/jest-jasmine2@26.6.1/node_modules/jest-jasmine2/build/queueRunner.js:45:12\n    at new Promise (<anonymous>)\n    at mapper (/Users/douglaspollock/Documents/projects/lev/node_modules/.pnpm/jest-jasmine2@26.6.1/node_modules/jest-jasmine2/build/queueRunner.js:28:19)\n    at /Users/douglaspollock/Documents/projects/lev/node_modules/.pnpm/jest-jasmine2@26.6.1/node_modules/jest-jasmine2/build/queueRunner.js:75:41\n    at processTicksAndRejections (internal/process/task_queues.js:93:5)"],"fullName":"DateInputHelper when given a valid date formats correctly","location":null,"status":"failed","title":"formats correctly"},{"ancestorTitles":["DateInputHelper","when given a valid date"],"failureMessages":["TypeError: Cannot read property 'isValid' of undefined\n    at Object.<anonymous> (/Users/douglaspollock/Documents/projects/lev/components/date-input/spec/DateInputHelper.ts:21:81)\n    at Object.asyncJestTest (/Users/douglaspollock/Documents/projects/lev/node_modules/.pnpm/jest-jasmine2@26.6.1/node_modules/jest-jasmine2/build/jasmineAsyncInstall.js:106:37)\n    at /Users/douglaspollock/Documents/projects/lev/node_modules/.pnpm/jest-jasmine2@26.6.1/node_modules/jest-jasmine2/build/queueRunner.js:45:12\n    at new Promise (<anonymous>)\n    at mapper (/Users/douglaspollock/Documents/projects/lev/node_modules/.pnpm/jest-jasmine2@26.6.1/node_modules/jest-jasmine2/build/queueRunner.js:28:19)\n    at /Users/douglaspollock/Documents/projects/lev/node_modules/.pnpm/jest-jasmine2@26.6.1/node_modules/jest-jasmine2/build/queueRunner.js:75:41\n    at processTicksAndRejections (internal/process/task_queues.js:93:5)"],"fullName":"DateInputHelper when given a valid date is accepted by luxon","location":null,"status":"failed","title":"is accepted by luxon"},{"ancestorTitles":["DateInputHelper","when given an invalid date"],"failureMessages":["TypeError: Cannot read property '1' of null\n    at Object.<anonymous>.exports.format (/Users/douglaspollock/Documents/projects/lev/components/date-input/src/DateInputHelper.ts:32:51)\n    at Object.<anonymous> (/Users/douglaspollock/Documents/projects/lev/components/date-input/spec/DateInputHelper.ts:24:56)\n    at Object.asyncJestTest (/Users/douglaspollock/Documents/projects/lev/node_modules/.pnpm/jest-jasmine2@26.6.1/node_modules/jest-jasmine2/build/jasmineAsyncInstall.js:106:37)\n    at /Users/douglaspollock/Documents/projects/lev/node_modules/.pnpm/jest-jasmine2@26.6.1/node_modules/jest-jasmine2/build/queueRunner.js:45:12\n    at new Promise (<anonymous>)\n    at mapper (/Users/douglaspollock/Documents/projects/lev/node_modules/.pnpm/jest-jasmine2@26.6.1/node_modules/jest-jasmine2/build/queueRunner.js:28:19)\n    at /Users/douglaspollock/Documents/projects/lev/node_modules/.pnpm/jest-jasmine2@26.6.1/node_modules/jest-jasmine2/build/queueRunner.js:75:41\n    at processTicksAndRejections (internal/process/task_queues.js:93:5)"],"fullName":"DateInputHelper when given an invalid date is not accepted","location":null,"status":"failed","title":"is not accepted"},{"ancestorTitles":["DateInputHelper","when given an invalid date"],"failureMessages":["TypeError: Cannot read property 'isValid' of undefined\n    at Object.<anonymous> (/Users/douglaspollock/Documents/projects/lev/components/date-input/spec/DateInputHelper.ts:25:76)\n    at Object.asyncJestTest (/Users/douglaspollock/Documents/projects/lev/node_modules/.pnpm/jest-jasmine2@26.6.1/node_modules/jest-jasmine2/build/jasmineAsyncInstall.js:106:37)\n    at /Users/douglaspollock/Documents/projects/lev/node_modules/.pnpm/jest-jasmine2@26.6.1/node_modules/jest-jasmine2/build/queueRunner.js:45:12\n    at new Promise (<anonymous>)\n    at mapper (/Users/douglaspollock/Documents/projects/lev/node_modules/.pnpm/jest-jasmine2@26.6.1/node_modules/jest-jasmine2/build/queueRunner.js:28:19)\n    at /Users/douglaspollock/Documents/projects/lev/node_modules/.pnpm/jest-jasmine2@26.6.1/node_modules/jest-jasmine2/build/queueRunner.js:75:41\n    at processTicksAndRejections (internal/process/task_queues.js:93:5)"],"fullName":"DateInputHelper when given an invalid date is not accepted","location":null,"status":"failed","title":"is not accepted"},{"ancestorTitles":["DateInputHelper","when given an invalid date"],"failureMessages":["TypeError: Cannot read property 'isValid' of undefined\n    at Object.<anonymous> (/Users/douglaspollock/Documents/projects/lev/components/date-input/spec/DateInputHelper.ts:26:76)\n    at Object.asyncJestTest (/Users/douglaspollock/Documents/projects/lev/node_modules/.pnpm/jest-jasmine2@26.6.1/node_modules/jest-jasmine2/build/jasmineAsyncInstall.js:106:37)\n    at /Users/douglaspollock/Documents/projects/lev/node_modules/.pnpm/jest-jasmine2@26.6.1/node_modules/jest-jasmine2/build/queueRunner.js:45:12\n    at new Promise (<anonymous>)\n    at mapper (/Users/douglaspollock/Documents/projects/lev/node_modules/.pnpm/jest-jasmine2@26.6.1/node_modules/jest-jasmine2/build/queueRunner.js:28:19)\n    at /Users/douglaspollock/Documents/projects/lev/node_modules/.pnpm/jest-jasmine2@26.6.1/node_modules/jest-jasmine2/build/queueRunner.js:75:41\n    at processTicksAndRejections (internal/process/task_queues.js:93:5)"],"fullName":"DateInputHelper when given an invalid date is not accepted","location":null,"status":"failed","title":"is not accepted"},{"ancestorTitles":["DateInputHelper","when given an invalid date"],"failureMessages":["TypeError: Cannot read property 'isValid' of undefined\n    at Object.<anonymous> (/Users/douglaspollock/Documents/projects/lev/components/date-input/spec/DateInputHelper.ts:27:76)\n    at Object.asyncJestTest (/Users/douglaspollock/Documents/projects/lev/node_modules/.pnpm/jest-jasmine2@26.6.1/node_modules/jest-jasmine2/build/jasmineAsyncInstall.js:106:37)\n    at /Users/douglaspollock/Documents/projects/lev/node_modules/.pnpm/jest-jasmine2@26.6.1/node_modules/jest-jasmine2/build/queueRunner.js:45:12\n    at new Promise (<anonymous>)\n    at mapper (/Users/douglaspollock/Documents/projects/lev/node_modules/.pnpm/jest-jasmine2@26.6.1/node_modules/jest-jasmine2/build/queueRunner.js:28:19)\n    at /Users/douglaspollock/Documents/projects/lev/node_modules/.pnpm/jest-jasmine2@26.6.1/node_modules/jest-jasmine2/build/queueRunner.js:75:41\n    at processTicksAndRejections (internal/process/task_queues.js:93:5)"],"fullName":"DateInputHelper when given an invalid date is not accepted","location":null,"status":"failed","title":"is not accepted"},{"ancestorTitles":["DateInputHelper","when given an invalid date"],"failureMessages":["TypeError: Cannot read property '1' of null\n    at Object.<anonymous>.exports.format (/Users/douglaspollock/Documents/projects/lev/components/date-input/src/DateInputHelper.ts:32:51)\n    at Object.<anonymous> (/Users/douglaspollock/Documents/projects/lev/components/date-input/spec/DateInputHelper.ts:28:56)\n    at Object.asyncJestTest (/Users/douglaspollock/Documents/projects/lev/node_modules/.pnpm/jest-jasmine2@26.6.1/node_modules/jest-jasmine2/build/jasmineAsyncInstall.js:106:37)\n    at /Users/douglaspollock/Documents/projects/lev/node_modules/.pnpm/jest-jasmine2@26.6.1/node_modules/jest-jasmine2/build/queueRunner.js:45:12\n    at new Promise (<anonymous>)\n    at mapper (/Users/douglaspollock/Documents/projects/lev/node_modules/.pnpm/jest-jasmine2@26.6.1/node_modules/jest-jasmine2/build/queueRunner.js:28:19)\n    at /Users/douglaspollock/Documents/projects/lev/node_modules/.pnpm/jest-jasmine2@26.6.1/node_modules/jest-jasmine2/build/queueRunner.js:75:41\n    at processTicksAndRejections (internal/process/task_queues.js:93:5)"],"fullName":"DateInputHelper when given an invalid date is not accepted","location":null,"status":"failed","title":"is not accepted"},{"ancestorTitles":["DateInputHelper","when given an invalid date"],"failureMessages":["TypeError: Cannot read property '1' of null\n    at Object.<anonymous>.exports.format (/Users/douglaspollock/Documents/projects/lev/components/date-input/src/DateInputHelper.ts:32:51)\n    at Object.<anonymous> (/Users/douglaspollock/Documents/projects/lev/components/date-input/spec/DateInputHelper.ts:29:56)\n    at Object.asyncJestTest (/Users/douglaspollock/Documents/projects/lev/node_modules/.pnpm/jest-jasmine2@26.6.1/node_modules/jest-jasmine2/build/jasmineAsyncInstall.js:106:37)\n    at /Users/douglaspollock/Documents/projects/lev/node_modules/.pnpm/jest-jasmine2@26.6.1/node_modules/jest-jasmine2/build/queueRunner.js:45:12\n    at new Promise (<anonymous>)\n    at mapper (/Users/douglaspollock/Documents/projects/lev/node_modules/.pnpm/jest-jasmine2@26.6.1/node_modules/jest-jasmine2/build/queueRunner.js:28:19)\n    at /Users/douglaspollock/Documents/projects/lev/node_modules/.pnpm/jest-jasmine2@26.6.1/node_modules/jest-jasmine2/build/queueRunner.js:75:41\n    at processTicksAndRejections (internal/process/task_queues.js:93:5)"],"fullName":"DateInputHelper when given an invalid date is not accepted","location":null,"status":"failed","title":"is not accepted"},{"ancestorTitles":["DateInputHelper","when given an invalid date"],"failureMessages":["TypeError: Cannot read property 'isValid' of undefined\n    at Object.<anonymous> (/Users/douglaspollock/Documents/projects/lev/components/date-input/spec/DateInputHelper.ts:30:70)\n    at Object.asyncJestTest (/Users/douglaspollock/Documents/projects/lev/node_modules/.pnpm/jest-jasmine2@26.6.1/node_modules/jest-jasmine2/build/jasmineAsyncInstall.js:106:37)\n    at /Users/douglaspollock/Documents/projects/lev/node_modules/.pnpm/jest-jasmine2@26.6.1/node_modules/jest-jasmine2/build/queueRunner.js:45:12\n    at new Promise (<anonymous>)\n    at mapper (/Users/douglaspollock/Documents/projects/lev/node_modules/.pnpm/jest-jasmine2@26.6.1/node_modules/jest-jasmine2/build/queueRunner.js:28:19)\n    at /Users/douglaspollock/Documents/projects/lev/node_modules/.pnpm/jest-jasmine2@26.6.1/node_modules/jest-jasmine2/build/queueRunner.js:75:41\n    at processTicksAndRejections (internal/process/task_queues.js:93:5)"],"fullName":"DateInputHelper when given an invalid date is not accepted","location":null,"status":"failed","title":"is not accepted"},{"ancestorTitles":["DateInputHelper","when given an invalid date"],"failureMessages":["TypeError: Cannot read property 'isValid' of undefined\n    at Object.<anonymous> (/Users/douglaspollock/Documents/projects/lev/components/date-input/spec/DateInputHelper.ts:31:72)\n    at Object.asyncJestTest (/Users/douglaspollock/Documents/projects/lev/node_modules/.pnpm/jest-jasmine2@26.6.1/node_modules/jest-jasmine2/build/jasmineAsyncInstall.js:106:37)\n    at /Users/douglaspollock/Documents/projects/lev/node_modules/.pnpm/jest-jasmine2@26.6.1/node_modules/jest-jasmine2/build/queueRunner.js:45:12\n    at new Promise (<anonymous>)\n    at mapper (/Users/douglaspollock/Documents/projects/lev/node_modules/.pnpm/jest-jasmine2@26.6.1/node_modules/jest-jasmine2/build/queueRunner.js:28:19)\n    at /Users/douglaspollock/Documents/projects/lev/node_modules/.pnpm/jest-jasmine2@26.6.1/node_modules/jest-jasmine2/build/queueRunner.js:75:41\n    at processTicksAndRejections (internal/process/task_queues.js:93:5)"],"fullName":"DateInputHelper when given an invalid date is not accepted","location":null,"status":"failed","title":"is not accepted"}],"endTime":1632495930981,"message":"\u001b[1m\u001b[31m  \u001b[1m● \u001b[22m\u001b[1mDateInputHelper › when given a valid date › is accepted by luxon\u001b[39m\u001b[22m\n\n    \u001b[2mexpect(\u001b[22m\u001b[31mreceived\u001b[39m\u001b[2m).\u001b[22mtoEqual\u001b[2m(\u001b[22m\u001b[32mexpected\u001b[39m\u001b[2m) // deep equality\u001b[22m\n\n    Expected: \u001b[32mtrue\u001b[39m\n    Received: \u001b[31mundefined\u001b[39m\n\u001b[2m\u001b[22m\n\u001b[2m    \u001b[0m \u001b[90m  5 | \u001b[39m  describe(\u001b[32m'when given a valid date'\u001b[39m\u001b[33m,\u001b[39m () \u001b[33m=>\u001b[39m {\u001b[0m\u001b[22m\n\u001b[2m    \u001b[0m \u001b[90m  6 | \u001b[39m    it(\u001b[32m'formats correctly'\u001b[39m\u001b[33m,\u001b[39m () \u001b[33m=>\u001b[39m expect(\u001b[33mDateInputHelper\u001b[39m\u001b[33m.\u001b[39mformat(\u001b[32m'01-01-2010'\u001b[39m))\u001b[33m.\u001b[39mtoEqual(\u001b[32m'2010-01-01'\u001b[39m))\u001b[33m;\u001b[39m\u001b[0m\u001b[22m\n\u001b[2m    \u001b[0m\u001b[31m\u001b[1m>\u001b[22m\u001b[2m\u001b[39m\u001b[90m  7 | \u001b[39m    it(\u001b[32m'is accepted by luxon'\u001b[39m\u001b[33m,\u001b[39m () \u001b[33m=>\u001b[39m expect(\u001b[33mDateInputHelper\u001b[39m\u001b[33m.\u001b[39mformat(\u001b[32m'01-01-2010'\u001b[39m)\u001b[33m.\u001b[39misValid)\u001b[33m.\u001b[39mtoEqual(\u001b[36mtrue\u001b[39m))\u001b[33m;\u001b[39m\u001b[0m\u001b[22m\n\u001b[2m    \u001b[0m \u001b[90m    | \u001b[39m                                                                                          \u001b[31m\u001b[1m^\u001b[22m\u001b[2m\u001b[39m\u001b[0m\u001b[22m\n\u001b[2m    \u001b[0m \u001b[90m  8 | \u001b[39m    it(\u001b[32m'formats correctly'\u001b[39m\u001b[33m,\u001b[39m () \u001b[33m=>\u001b[39m expect(\u001b[33mDateInputHelper\u001b[39m\u001b[33m.\u001b[39mformat(\u001b[32m'01/01/2010'\u001b[39m))\u001b[33m.\u001b[39mtoEqual(\u001b[32m'2010-01-01'\u001b[39m))\u001b[33m;\u001b[39m\u001b[0m\u001b[22m\n\u001b[2m    \u001b[0m \u001b[90m  9 | \u001b[39m    it(\u001b[32m'is accepted by luxon'\u001b[39m\u001b[33m,\u001b[39m () \u001b[33m=>\u001b[39m expect(\u001b[33mDateInputHelper\u001b[39m\u001b[33m.\u001b[39mformat(\u001b[32m'01/01/2010'\u001b[39m)\u001b[33m.\u001b[39misValid)\u001b[33m.\u001b[39mtoEqual(\u001b[36mtrue\u001b[39m))\u001b[33m;\u001b[39m\u001b[0m\u001b[22m\n\u001b[2m    \u001b[0m \u001b[90m 10 | \u001b[39m    it(\u001b[32m'formats correctly'\u001b[39m\u001b[33m,\u001b[39m () \u001b[33m=>\u001b[39m expect(\u001b[33mDateInputHelper\u001b[39m\u001b[33m.\u001b[39mformat(\u001b[32m'01.01.2010'\u001b[39m))\u001b[33m.\u001b[39mtoEqual(\u001b[32m'2010-01-01'\u001b[39m))\u001b[33m;\u001b[39m\u001b[0m\u001b[22m\n\u001b[2m\u001b[22m\n\u001b[2m      \u001b[2mat Object.<anonymous> (\u001b[22m\u001b[2m\u001b[0m\u001b[36mspec/DateInputHelper.ts\u001b[39m\u001b[0m\u001b[2m:7:91)\u001b[22m\u001b[2m\u001b[22m\n\n\u001b[1m\u001b[31m  \u001b[1m● \u001b[22m\u001b[1mDateInputHelper › when given a valid date › is accepted by luxon\u001b[39m\u001b[22m\n\n    \u001b[2mexpect(\u001b[22m\u001b[31mreceived\u001b[39m\u001b[2m).\u001b[22mtoEqual\u001b[2m(\u001b[22m\u001b[32mexpected\u001b[39m\u001b[2m) // deep equality\u001b[22m\n\n    Expected: \u001b[32mtrue\u001b[39m\n    Received: \u001b[31mundefined\u001b[39m\n\u001b[2m\u001b[22m\n\u001b[2m    \u001b[0m \u001b[90m  7 | \u001b[39m    it(\u001b[32m'is accepted by luxon'\u001b[39m\u001b[33m,\u001b[39m () \u001b[33m=>\u001b[39m expect(\u001b[33mDateInputHelper\u001b[39m\u001b[33m.\u001b[39mformat(\u001b[32m'01-01-2010'\u001b[39m)\u001b[33m.\u001b[39misValid)\u001b[33m.\u001b[39mtoEqual(\u001b[36mtrue\u001b[39m))\u001b[33m;\u001b[39m\u001b[0m\u001b[22m\n\u001b[2m    \u001b[0m \u001b[90m  8 | \u001b[39m    it(\u001b[32m'formats correctly'\u001b[39m\u001b[33m,\u001b[39m () \u001b[33m=>\u001b[39m expect(\u001b[33mDateInputHelper\u001b[39m\u001b[33m.\u001b[39mformat(\u001b[32m'01/01/2010'\u001b[39m))\u001b[33m.\u001b[39mtoEqual(\u001b[32m'2010-01-01'\u001b[39m))\u001b[33m;\u001b[39m\u001b[0m\u001b[22m\n\u001b[2m    \u001b[0m\u001b[31m\u001b[1m>\u001b[22m\u001b[2m\u001b[39m\u001b[90m  9 | \u001b[39m    it(\u001b[32m'is accepted by luxon'\u001b[39m\u001b[33m,\u001b[39m () \u001b[33m=>\u001b[39m expect(\u001b[33mDateInputHelper\u001b[39m\u001b[33m.\u001b[39mformat(\u001b[32m'01/01/2010'\u001b[39m)\u001b[33m.\u001b[39misValid)\u001b[33m.\u001b[39mtoEqual(\u001b[36mtrue\u001b[39m))\u001b[33m;\u001b[39m\u001b[0m\u001b[22m\n\u001b[2m    \u001b[0m \u001b[90m    | \u001b[39m                                                                                          \u001b[31m\u001b[1m^\u001b[22m\u001b[2m\u001b[39m\u001b[0m\u001b[22m\n\u001b[2m    \u001b[0m \u001b[90m 10 | \u001b[39m    it(\u001b[32m'formats correctly'\u001b[39m\u001b[33m,\u001b[39m () \u001b[33m=>\u001b[39m expect(\u001b[33mDateInputHelper\u001b[39m\u001b[33m.\u001b[39mformat(\u001b[32m'01.01.2010'\u001b[39m))\u001b[33m.\u001b[39mtoEqual(\u001b[32m'2010-01-01'\u001b[39m))\u001b[33m;\u001b[39m\u001b[0m\u001b[22m\n\u001b[2m    \u001b[0m \u001b[90m 11 | \u001b[39m    it(\u001b[32m'is accepted by luxon'\u001b[39m\u001b[33m,\u001b[39m () \u001b[33m=>\u001b[39m expect(\u001b[33mDateInputHelper\u001b[39m\u001b[33m.\u001b[39mformat(\u001b[32m'01.01.2010'\u001b[39m)\u001b[33m.\u001b[39misValid)\u001b[33m.\u001b[39mtoEqual(\u001b[36mtrue\u001b[39m))\u001b[33m;\u001b[39m\u001b[0m\u001b[22m\n\u001b[2m    \u001b[0m \u001b[90m 12 | \u001b[39m    it(\u001b[32m'formats correctly'\u001b[39m\u001b[33m,\u001b[39m () \u001b[33m=>\u001b[39m expect(\u001b[33mDateInputHelper\u001b[39m\u001b[33m.\u001b[39mformat(\u001b[32m'01012010'\u001b[39m))\u001b[33m.\u001b[39mtoEqual(\u001b[32m'2010-01-01'\u001b[39m))\u001b[33m;\u001b[39m\u001b[0m\u001b[22m\n\u001b[2m\u001b[22m\n\u001b[2m      \u001b[2mat Object.<anonymous> (\u001b[22m\u001b[2m\u001b[0m\u001b[36mspec/DateInputHelper.ts\u001b[39m\u001b[0m\u001b[2m:9:91)\u001b[22m\u001b[2m\u001b[22m\n\n\u001b[1m\u001b[31m  \u001b[1m● \u001b[22m\u001b[1mDateInputHelper › when given a valid date › is accepted by luxon\u001b[39m\u001b[22m\n\n    \u001b[2mexpect(\u001b[22m\u001b[31mreceived\u001b[39m\u001b[2m).\u001b[22mtoEqual\u001b[2m(\u001b[22m\u001b[32mexpected\u001b[39m\u001b[2m) // deep equality\u001b[22m\n\n    Expected: \u001b[32mtrue\u001b[39m\n    Received: \u001b[31mundefined\u001b[39m\n\u001b[2m\u001b[22m\n\u001b[2m    \u001b[0m \u001b[90m  9 | \u001b[39m    it(\u001b[32m'is accepted by luxon'\u001b[39m\u001b[33m,\u001b[39m () \u001b[33m=>\u001b[39m expect(\u001b[33mDateInputHelper\u001b[39m\u001b[33m.\u001b[39mformat(\u001b[32m'01/01/2010'\u001b[39m)\u001b[33m.\u001b[39misValid)\u001b[33m.\u001b[39mtoEqual(\u001b[36mtrue\u001b[39m))\u001b[33m;\u001b[39m\u001b[0m\u001b[22m\n\u001b[2m    \u001b[0m \u001b[90m 10 | \u001b[39m    it(\u001b[32m'formats correctly'\u001b[39m\u001b[33m,\u001b[39m () \u001b[33m=>\u001b[39m expect(\u001b[33mDateInputHelper\u001b[39m\u001b[33m.\u001b[39mformat(\u001b[32m'01.01.2010'\u001b[39m))\u001b[33m.\u001b[39mtoEqual(\u001b[32m'2010-01-01'\u001b[39m))\u001b[33m;\u001b[39m\u001b[0m\u001b[22m\n\u001b[2m    \u001b[0m\u001b[31m\u001b[1m>\u001b[22m\u001b[2m\u001b[39m\u001b[90m 11 | \u001b[39m    it(\u001b[32m'is accepted by luxon'\u001b[39m\u001b[33m,\u001b[39m () \u001b[33m=>\u001b[39m expect(\u001b[33mDateInputHelper\u001b[39m\u001b[33m.\u001b[39mformat(\u001b[32m'01.01.2010'\u001b[39m)\u001b[33m.\u001b[39misValid)\u001b[33m.\u001b[39mtoEqual(\u001b[36mtrue\u001b[39m))\u001b[33m;\u001b[39m\u001b[0m\u001b[22m\n\u001b[2m    \u001b[0m \u001b[90m    | \u001b[39m                                                                                          \u001b[31m\u001b[1m^\u001b[22m\u001b[2m\u001b[39m\u001b[0m\u001b[22m\n\u001b[2m    \u001b[0m \u001b[90m 12 | \u001b[39m    it(\u001b[32m'formats correctly'\u001b[39m\u001b[33m,\u001b[39m () \u001b[33m=>\u001b[39m expect(\u001b[33mDateInputHelper\u001b[39m\u001b[33m.\u001b[39mformat(\u001b[32m'01012010'\u001b[39m))\u001b[33m.\u001b[39mtoEqual(\u001b[32m'2010-01-01'\u001b[39m))\u001b[33m;\u001b[39m\u001b[0m\u001b[22m\n\u001b[2m    \u001b[0m \u001b[90m 13 | \u001b[39m    it(\u001b[32m'is accepted by luxon'\u001b[39m\u001b[33m,\u001b[39m () \u001b[33m=>\u001b[39m expect(\u001b[33mDateInputHelper\u001b[39m\u001b[33m.\u001b[39mformat(\u001b[32m'01012010'\u001b[39m)\u001b[33m.\u001b[39misValid)\u001b[33m.\u001b[39mtoEqual(\u001b[36mtrue\u001b[39m))\u001b[33m;\u001b[39m\u001b[0m\u001b[22m\n\u001b[2m    \u001b[0m \u001b[90m 14 | \u001b[39m    it(\u001b[32m'formats correctly'\u001b[39m\u001b[33m,\u001b[39m () \u001b[33m=>\u001b[39m expect(\u001b[33mDateInputHelper\u001b[39m\u001b[33m.\u001b[39mformat(\u001b[32m'1/1/2010'\u001b[39m))\u001b[33m.\u001b[39mtoEqual(\u001b[32m'2010-01-01'\u001b[39m))\u001b[33m;\u001b[39m\u001b[0m\u001b[22m\n\u001b[2m\u001b[22m\n\u001b[2m      \u001b[2mat Object.<anonymous> (\u001b[22m\u001b[2m\u001b[0m\u001b[36mspec/DateInputHelper.ts\u001b[39m\u001b[0m\u001b[2m:11:91)\u001b[22m\u001b[2m\u001b[22m\n\n\u001b[1m\u001b[31m  \u001b[1m● \u001b[22m\u001b[1mDateInputHelper › when given a valid date › is accepted by luxon\u001b[39m\u001b[22m\n\n    \u001b[2mexpect(\u001b[22m\u001b[31mreceived\u001b[39m\u001b[2m).\u001b[22mtoEqual\u001b[2m(\u001b[22m\u001b[32mexpected\u001b[39m\u001b[2m) // deep equality\u001b[22m\n\n    Expected: \u001b[32mtrue\u001b[39m\n    Received: \u001b[31mundefined\u001b[39m\n\u001b[2m\u001b[22m\n\u001b[2m    \u001b[0m \u001b[90m 11 | \u001b[39m    it(\u001b[32m'is accepted by luxon'\u001b[39m\u001b[33m,\u001b[39m () \u001b[33m=>\u001b[39m expect(\u001b[33mDateInputHelper\u001b[39m\u001b[33m.\u001b[39mformat(\u001b[32m'01.01.2010'\u001b[39m)\u001b[33m.\u001b[39misValid)\u001b[33m.\u001b[39mtoEqual(\u001b[36mtrue\u001b[39m))\u001b[33m;\u001b[39m\u001b[0m\u001b[22m\n\u001b[2m    \u001b[0m \u001b[90m 12 | \u001b[39m    it(\u001b[32m'formats correctly'\u001b[39m\u001b[33m,\u001b[39m () \u001b[33m=>\u001b[39m expect(\u001b[33mDateInputHelper\u001b[39m\u001b[33m.\u001b[39mformat(\u001b[32m'01012010'\u001b[39m))\u001b[33m.\u001b[39mtoEqual(\u001b[32m'2010-01-01'\u001b[39m))\u001b[33m;\u001b[39m\u001b[0m\u001b[22m\n\u001b[2m    \u001b[0m\u001b[31m\u001b[1m>\u001b[22m\u001b[2m\u001b[39m\u001b[90m 13 | \u001b[39m    it(\u001b[32m'is accepted by luxon'\u001b[39m\u001b[33m,\u001b[39m () \u001b[33m=>\u001b[39m expect(\u001b[33mDateInputHelper\u001b[39m\u001b[33m.\u001b[39mformat(\u001b[32m'01012010'\u001b[39m)\u001b[33m.\u001b[39misValid)\u001b[33m.\u001b[39mtoEqual(\u001b[36mtrue\u001b[39m))\u001b[33m;\u001b[39m\u001b[0m\u001b[22m\n\u001b[2m    \u001b[0m \u001b[90m    | \u001b[39m                                                                                        \u001b[31m\u001b[1m^\u001b[22m\u001b[2m\u001b[39m\u001b[0m\u001b[22m\n\u001b[2m    \u001b[0m \u001b[90m 14 | \u001b[39m    it(\u001b[32m'formats correctly'\u001b[39m\u001b[33m,\u001b[39m () \u001b[33m=>\u001b[39m expect(\u001b[33mDateInputHelper\u001b[39m\u001b[33m.\u001b[39mformat(\u001b[32m'1/1/2010'\u001b[39m))\u001b[33m.\u001b[39mtoEqual(\u001b[32m'2010-01-01'\u001b[39m))\u001b[33m;\u001b[39m\u001b[0m\u001b[22m\n\u001b[2m    \u001b[0m \u001b[90m 15 | \u001b[39m    it(\u001b[32m'is accepted by luxon'\u001b[39m\u001b[33m,\u001b[39m () \u001b[33m=>\u001b[39m expect(\u001b[33mDateInputHelper\u001b[39m\u001b[33m.\u001b[39mformat(\u001b[32m'1/1/2010'\u001b[39m)\u001b[33m.\u001b[39misValid)\u001b[33m.\u001b[39mtoEqual(\u001b[36mtrue\u001b[39m))\u001b[33m;\u001b[39m\u001b[0m\u001b[22m\n\u001b[2m    \u001b[0m \u001b[90m 16 | \u001b[39m    it(\u001b[32m'formats correctly'\u001b[39m\u001b[33m,\u001b[39m () \u001b[33m=>\u001b[39m expect(\u001b[33mDateInputHelper\u001b[39m\u001b[33m.\u001b[39mformat(\u001b[32m'1.1.2010'\u001b[39m))\u001b[33m.\u001b[39mtoEqual(\u001b[32m'2010-01-01'\u001b[39m))\u001b[33m;\u001b[39m\u001b[0m\u001b[22m\n\u001b[2m\u001b[22m\n\u001b[2m      \u001b[2mat Object.<anonymous> (\u001b[22m\u001b[2m\u001b[0m\u001b[36mspec/DateInputHelper.ts\u001b[39m\u001b[0m\u001b[2m:13:89)\u001b[22m\u001b[2m\u001b[22m\n\n\u001b[1m\u001b[31m  \u001b[1m● \u001b[22m\u001b[1mDateInputHelper › when given a valid date › is accepted by luxon\u001b[39m\u001b[22m\n\n    \u001b[2mexpect(\u001b[22m\u001b[31mreceived\u001b[39m\u001b[2m).\u001b[22mtoEqual\u001b[2m(\u001b[22m\u001b[32mexpected\u001b[39m\u001b[2m) // deep equality\u001b[22m\n\n    Expected: \u001b[32mtrue\u001b[39m\n    Received: \u001b[31mundefined\u001b[39m\n\u001b[2m\u001b[22m\n\u001b[2m    \u001b[0m \u001b[90m 13 | \u001b[39m    it(\u001b[32m'is accepted by luxon'\u001b[39m\u001b[33m,\u001b[39m () \u001b[33m=>\u001b[39m expect(\u001b[33mDateInputHelper\u001b[39m\u001b[33m.\u001b[39mformat(\u001b[32m'01012010'\u001b[39m)\u001b[33m.\u001b[39misValid)\u001b[33m.\u001b[39mtoEqual(\u001b[36mtrue\u001b[39m))\u001b[33m;\u001b[39m\u001b[0m\u001b[22m\n\u001b[2m    \u001b[0m \u001b[90m 14 | \u001b[39m    it(\u001b[32m'formats correctly'\u001b[39m\u001b[33m,\u001b[39m () \u001b[33m=>\u001b[39m expect(\u001b[33mDateInputHelper\u001b[39m\u001b[33m.\u001b[39mformat(\u001b[32m'1/1/2010'\u001b[39m))\u001b[33m.\u001b[39mtoEqual(\u001b[32m'2010-01-01'\u001b[39m))\u001b[33m;\u001b[39m\u001b[0m\u001b[22m\n\u001b[2m    \u001b[0m\u001b[31m\u001b[1m>\u001b[22m\u001b[2m\u001b[39m\u001b[90m 15 | \u001b[39m    it(\u001b[32m'is accepted by luxon'\u001b[39m\u001b[33m,\u001b[39m () \u001b[33m=>\u001b[39m expect(\u001b[33mDateInputHelper\u001b[39m\u001b[33m.\u001b[39mformat(\u001b[32m'1/1/2010'\u001b[39m)\u001b[33m.\u001b[39misValid)\u001b[33m.\u001b[39mtoEqual(\u001b[36mtrue\u001b[39m))\u001b[33m;\u001b[39m\u001b[0m\u001b[22m\n\u001b[2m    \u001b[0m \u001b[90m    | \u001b[39m                                                                                        \u001b[31m\u001b[1m^\u001b[22m\u001b[2m\u001b[39m\u001b[0m\u001b[22m\n\u001b[2m    \u001b[0m \u001b[90m 16 | \u001b[39m    it(\u001b[32m'formats correctly'\u001b[39m\u001b[33m,\u001b[39m () \u001b[33m=>\u001b[39m expect(\u001b[33mDateInputHelper\u001b[39m\u001b[33m.\u001b[39mformat(\u001b[32m'1.1.2010'\u001b[39m))\u001b[33m.\u001b[39mtoEqual(\u001b[32m'2010-01-01'\u001b[39m))\u001b[33m;\u001b[39m\u001b[0m\u001b[22m\n\u001b[2m    \u001b[0m \u001b[90m 17 | \u001b[39m    it(\u001b[32m'is accepted by luxon'\u001b[39m\u001b[33m,\u001b[39m () \u001b[33m=>\u001b[39m expect(\u001b[33mDateInputHelper\u001b[39m\u001b[33m.\u001b[39mformat(\u001b[32m'1.1.2010'\u001b[39m)\u001b[33m.\u001b[39misValid)\u001b[33m.\u001b[39mtoEqual(\u001b[36mtrue\u001b[39m))\u001b[33m;\u001b[39m\u001b[0m\u001b[22m\n\u001b[2m    \u001b[0m \u001b[90m 18 | \u001b[39m    it(\u001b[32m'formats correctly'\u001b[39m\u001b[33m,\u001b[39m () \u001b[33m=>\u001b[39m expect(\u001b[33mDateInputHelper\u001b[39m\u001b[33m.\u001b[39mformat(\u001b[32m'2010/01/1'\u001b[39m))\u001b[33m.\u001b[39mtoEqual(\u001b[32m'2010-01-01'\u001b[39m))\u001b[33m;\u001b[39m\u001b[0m\u001b[22m\n\u001b[2m\u001b[22m\n\u001b[2m      \u001b[2mat Object.<anonymous> (\u001b[22m\u001b[2m\u001b[0m\u001b[36mspec/DateInputHelper.ts\u001b[39m\u001b[0m\u001b[2m:15:89)\u001b[22m\u001b[2m\u001b[22m\n\n\u001b[1m\u001b[31m  \u001b[1m● \u001b[22m\u001b[1mDateInputHelper › when given a valid date › is accepted by luxon\u001b[39m\u001b[22m\n\n    \u001b[2mexpect(\u001b[22m\u001b[31mreceived\u001b[39m\u001b[2m).\u001b[22mtoEqual\u001b[2m(\u001b[22m\u001b[32mexpected\u001b[39m\u001b[2m) // deep equality\u001b[22m\n\n    Expected: \u001b[32mtrue\u001b[39m\n    Received: \u001b[31mundefined\u001b[39m\n\u001b[2m\u001b[22m\n\u001b[2m    \u001b[0m \u001b[90m 15 | \u001b[39m    it(\u001b[32m'is accepted by luxon'\u001b[39m\u001b[33m,\u001b[39m () \u001b[33m=>\u001b[39m expect(\u001b[33mDateInputHelper\u001b[39m\u001b[33m.\u001b[39mformat(\u001b[32m'1/1/2010'\u001b[39m)\u001b[33m.\u001b[39misValid)\u001b[33m.\u001b[39mtoEqual(\u001b[36mtrue\u001b[39m))\u001b[33m;\u001b[39m\u001b[0m\u001b[22m\n\u001b[2m    \u001b[0m \u001b[90m 16 | \u001b[39m    it(\u001b[32m'formats correctly'\u001b[39m\u001b[33m,\u001b[39m () \u001b[33m=>\u001b[39m expect(\u001b[33mDateInputHelper\u001b[39m\u001b[33m.\u001b[39mformat(\u001b[32m'1.1.2010'\u001b[39m))\u001b[33m.\u001b[39mtoEqual(\u001b[32m'2010-01-01'\u001b[39m))\u001b[33m;\u001b[39m\u001b[0m\u001b[22m\n\u001b[2m    \u001b[0m\u001b[31m\u001b[1m>\u001b[22m\u001b[2m\u001b[39m\u001b[90m 17 | \u001b[39m    it(\u001b[32m'is accepted by luxon'\u001b[39m\u001b[33m,\u001b[39m () \u001b[33m=>\u001b[39m expect(\u001b[33mDateInputHelper\u001b[39m\u001b[33m.\u001b[39mformat(\u001b[32m'1.1.2010'\u001b[39m)\u001b[33m.\u001b[39misValid)\u001b[33m.\u001b[39mtoEqual(\u001b[36mtrue\u001b[39m))\u001b[33m;\u001b[39m\u001b[0m\u001b[22m\n\u001b[2m    \u001b[0m \u001b[90m    | \u001b[39m                                                                                        \u001b[31m\u001b[1m^\u001b[22m\u001b[2m\u001b[39m\u001b[0m\u001b[22m\n\u001b[2m    \u001b[0m \u001b[90m 18 | \u001b[39m    it(\u001b[32m'formats correctly'\u001b[39m\u001b[33m,\u001b[39m () \u001b[33m=>\u001b[39m expect(\u001b[33mDateInputHelper\u001b[39m\u001b[33m.\u001b[39mformat(\u001b[32m'2010/01/1'\u001b[39m))\u001b[33m.\u001b[39mtoEqual(\u001b[32m'2010-01-01'\u001b[39m))\u001b[33m;\u001b[39m\u001b[0m\u001b[22m\n\u001b[2m    \u001b[0m \u001b[90m 19 | \u001b[39m    it(\u001b[32m'is accepted by luxon'\u001b[39m\u001b[33m,\u001b[39m () \u001b[33m=>\u001b[39m expect(\u001b[33mDateInputHelper\u001b[39m\u001b[33m.\u001b[39mformat(\u001b[32m'2010/01/1'\u001b[39m)\u001b[33m.\u001b[39misValid)\u001b[33m.\u001b[39mtoEqual(\u001b[36mtrue\u001b[39m))\u001b[33m;\u001b[39m\u001b[0m\u001b[22m\n\u001b[2m    \u001b[0m \u001b[90m 20 | \u001b[39m    it(\u001b[32m'formats correctly'\u001b[39m\u001b[33m,\u001b[39m () \u001b[33m=>\u001b[39m expect(\u001b[33mDateInputHelper\u001b[39m\u001b[33m.\u001b[39mformat(\u001b[32m'29/02/2010'\u001b[39m))\u001b[33m.\u001b[39mtoEqual(\u001b[32m'2010-02-29'\u001b[39m))\u001b[33m;\u001b[39m\u001b[0m\u001b[22m\n\u001b[2m\u001b[22m\n\u001b[2m      \u001b[2mat Object.<anonymous> (\u001b[22m\u001b[2m\u001b[0m\u001b[36mspec/DateInputHelper.ts\u001b[39m\u001b[0m\u001b[2m:17:89)\u001b[22m\u001b[2m\u001b[22m\n\n\u001b[1m\u001b[31m  \u001b[1m● \u001b[22m\u001b[1mDateInputHelper › when given a valid date › is accepted by luxon\u001b[39m\u001b[22m\n\n    \u001b[2mexpect(\u001b[22m\u001b[31mreceived\u001b[39m\u001b[2m).\u001b[22mtoEqual\u001b[2m(\u001b[22m\u001b[32mexpected\u001b[39m\u001b[2m) // deep equality\u001b[22m\n\n    Expected: \u001b[32mtrue\u001b[39m\n    Received: \u001b[31mundefined\u001b[39m\n\u001b[2m\u001b[22m\n\u001b[2m    \u001b[0m \u001b[90m 17 | \u001b[39m    it(\u001b[32m'is accepted by luxon'\u001b[39m\u001b[33m,\u001b[39m () \u001b[33m=>\u001b[39m expect(\u001b[33mDateInputHelper\u001b[39m\u001b[33m.\u001b[39mformat(\u001b[32m'1.1.2010'\u001b[39m)\u001b[33m.\u001b[39misValid)\u001b[33m.\u001b[39mtoEqual(\u001b[36mtrue\u001b[39m))\u001b[33m;\u001b[39m\u001b[0m\u001b[22m\n\u001b[2m    \u001b[0m \u001b[90m 18 | \u001b[39m    it(\u001b[32m'formats correctly'\u001b[39m\u001b[33m,\u001b[39m () \u001b[33m=>\u001b[39m expect(\u001b[33mDateInputHelper\u001b[39m\u001b[33m.\u001b[39mformat(\u001b[32m'2010/01/1'\u001b[39m))\u001b[33m.\u001b[39mtoEqual(\u001b[32m'2010-01-01'\u001b[39m))\u001b[33m;\u001b[39m\u001b[0m\u001b[22m\n\u001b[2m    \u001b[0m\u001b[31m\u001b[1m>\u001b[22m\u001b[2m\u001b[39m\u001b[90m 19 | \u001b[39m    it(\u001b[32m'is accepted by luxon'\u001b[39m\u001b[33m,\u001b[39m () \u001b[33m=>\u001b[39m expect(\u001b[33mDateInputHelper\u001b[39m\u001b[33m.\u001b[39mformat(\u001b[32m'2010/01/1'\u001b[39m)\u001b[33m.\u001b[39misValid)\u001b[33m.\u001b[39mtoEqual(\u001b[36mtrue\u001b[39m))\u001b[33m;\u001b[39m\u001b[0m\u001b[22m\n\u001b[2m    \u001b[0m \u001b[90m    | \u001b[39m                                                                                         \u001b[31m\u001b[1m^\u001b[22m\u001b[2m\u001b[39m\u001b[0m\u001b[22m\n\u001b[2m    \u001b[0m \u001b[90m 20 | \u001b[39m    it(\u001b[32m'formats correctly'\u001b[39m\u001b[33m,\u001b[39m () \u001b[33m=>\u001b[39m expect(\u001b[33mDateInputHelper\u001b[39m\u001b[33m.\u001b[39mformat(\u001b[32m'29/02/2010'\u001b[39m))\u001b[33m.\u001b[39mtoEqual(\u001b[32m'2010-02-29'\u001b[39m))\u001b[33m;\u001b[39m\u001b[0m\u001b[22m\n\u001b[2m    \u001b[0m \u001b[90m 21 | \u001b[39m    it(\u001b[32m'is accepted by luxon'\u001b[39m\u001b[33m,\u001b[39m () \u001b[33m=>\u001b[39m expect(\u001b[33mDateInputHelper\u001b[39m\u001b[33m.\u001b[39mformat(\u001b[32m'29/02/2010'\u001b[39m)\u001b[33m.\u001b[39misValid)\u001b[33m.\u001b[39mtoEqual(\u001b[36mtrue\u001b[39m))\u001b[33m;\u001b[39m\u001b[0m\u001b[22m\n\u001b[2m    \u001b[0m \u001b[90m 22 | \u001b[39m  })\u001b[33m;\u001b[39m\u001b[0m\u001b[22m\n\u001b[2m\u001b[22m\n\u001b[2m      \u001b[2mat Object.<anonymous> (\u001b[22m\u001b[2m\u001b[0m\u001b[36mspec/DateInputHelper.ts\u001b[39m\u001b[0m\u001b[2m:19:90)\u001b[22m\u001b[2m\u001b[22m\n\n\u001b[1m\u001b[31m  \u001b[1m● \u001b[22m\u001b[1mDateInputHelper › when given a valid date › formats correctly\u001b[39m\u001b[22m\n\n    \u001b[2mexpect(\u001b[22m\u001b[31mreceived\u001b[39m\u001b[2m).\u001b[22mtoEqual\u001b[2m(\u001b[22m\u001b[32mexpected\u001b[39m\u001b[2m) // deep equality\u001b[22m\n\n    Expected: \u001b[32m\"2010-02-29\"\u001b[39m\n    Received: \u001b[31mundefined\u001b[39m\n\u001b[2m\u001b[22m\n\u001b[2m    \u001b[0m \u001b[90m 18 | \u001b[39m    it(\u001b[32m'formats correctly'\u001b[39m\u001b[33m,\u001b[39m () \u001b[33m=>\u001b[39m expect(\u001b[33mDateInputHelper\u001b[39m\u001b[33m.\u001b[39mformat(\u001b[32m'2010/01/1'\u001b[39m))\u001b[33m.\u001b[39mtoEqual(\u001b[32m'2010-01-01'\u001b[39m))\u001b[33m;\u001b[39m\u001b[0m\u001b[22m\n\u001b[2m    \u001b[0m \u001b[90m 19 | \u001b[39m    it(\u001b[32m'is accepted by luxon'\u001b[39m\u001b[33m,\u001b[39m () \u001b[33m=>\u001b[39m expect(\u001b[33mDateInputHelper\u001b[39m\u001b[33m.\u001b[39mformat(\u001b[32m'2010/01/1'\u001b[39m)\u001b[33m.\u001b[39misValid)\u001b[33m.\u001b[39mtoEqual(\u001b[36mtrue\u001b[39m))\u001b[33m;\u001b[39m\u001b[0m\u001b[22m\n\u001b[2m    \u001b[0m\u001b[31m\u001b[1m>\u001b[22m\u001b[2m\u001b[39m\u001b[90m 20 | \u001b[39m    it(\u001b[32m'formats correctly'\u001b[39m\u001b[33m,\u001b[39m () \u001b[33m=>\u001b[39m expect(\u001b[33mDateInputHelper\u001b[39m\u001b[33m.\u001b[39mformat(\u001b[32m'29/02/2010'\u001b[39m))\u001b[33m.\u001b[39mtoEqual(\u001b[32m'2010-02-29'\u001b[39m))\u001b[33m;\u001b[39m\u001b[0m\u001b[22m\n\u001b[2m    \u001b[0m \u001b[90m    | \u001b[39m                                                                               \u001b[31m\u001b[1m^\u001b[22m\u001b[2m\u001b[39m\u001b[0m\u001b[22m\n\u001b[2m    \u001b[0m \u001b[90m 21 | \u001b[39m    it(\u001b[32m'is accepted by luxon'\u001b[39m\u001b[33m,\u001b[39m () \u001b[33m=>\u001b[39m expect(\u001b[33mDateInputHelper\u001b[39m\u001b[33m.\u001b[39mformat(\u001b[32m'29/02/2010'\u001b[39m)\u001b[33m.\u001b[39misValid)\u001b[33m.\u001b[39mtoEqual(\u001b[36mtrue\u001b[39m))\u001b[33m;\u001b[39m\u001b[0m\u001b[22m\n\u001b[2m    \u001b[0m \u001b[90m 22 | \u001b[39m  })\u001b[33m;\u001b[39m\u001b[0m\u001b[22m\n\u001b[2m    \u001b[0m \u001b[90m 23 | \u001b[39m  describe(\u001b[32m'when given an invalid date'\u001b[39m\u001b[33m,\u001b[39m () \u001b[33m=>\u001b[39m {\u001b[0m\u001b[22m\n\u001b[2m\u001b[22m\n\u001b[2m      \u001b[2mat Object.<anonymous> (\u001b[22m\u001b[2m\u001b[0m\u001b[36mspec/DateInputHelper.ts\u001b[39m\u001b[0m\u001b[2m:20:80)\u001b[22m\u001b[2m\u001b[22m\n\n\u001b[1m\u001b[31m  \u001b[1m● \u001b[22m\u001b[1mDateInputHelper › when given a valid date › is accepted by luxon\u001b[39m\u001b[22m\n\n    TypeError: Cannot read property 'isValid' of undefined\n\u001b[2m\u001b[22m\n\u001b[2m    \u001b[0m \u001b[90m 19 | \u001b[39m    it(\u001b[32m'is accepted by luxon'\u001b[39m\u001b[33m,\u001b[39m () \u001b[33m=>\u001b[39m expect(\u001b[33mDateInputHelper\u001b[39m\u001b[33m.\u001b[39mformat(\u001b[32m'2010/01/1'\u001b[39m)\u001b[33m.\u001b[39misValid)\u001b[33m.\u001b[39mtoEqual(\u001b[36mtrue\u001b[39m))\u001b[33m;\u001b[39m\u001b[0m\u001b[22m\n\u001b[2m    \u001b[0m \u001b[90m 20 | \u001b[39m    it(\u001b[32m'formats correctly'\u001b[39m\u001b[33m,\u001b[39m () \u001b[33m=>\u001b[39m expect(\u001b[33mDateInputHelper\u001b[39m\u001b[33m.\u001b[39mformat(\u001b[32m'29/02/2010'\u001b[39m))\u001b[33m.\u001b[39mtoEqual(\u001b[32m'2010-02-29'\u001b[39m))\u001b[33m;\u001b[39m\u001b[0m\u001b[22m\n\u001b[2m    \u001b[0m\u001b[31m\u001b[1m>\u001b[22m\u001b[2m\u001b[39m\u001b[90m 21 | \u001b[39m    it(\u001b[32m'is accepted by luxon'\u001b[39m\u001b[33m,\u001b[39m () \u001b[33m=>\u001b[39m expect(\u001b[33mDateInputHelper\u001b[39m\u001b[33m.\u001b[39mformat(\u001b[32m'29/02/2010'\u001b[39m)\u001b[33m.\u001b[39misValid)\u001b[33m.\u001b[39mtoEqual(\u001b[36mtrue\u001b[39m))\u001b[33m;\u001b[39m\u001b[0m\u001b[22m\n\u001b[2m    \u001b[0m \u001b[90m    | \u001b[39m                                                                                \u001b[31m\u001b[1m^\u001b[22m\u001b[2m\u001b[39m\u001b[0m\u001b[22m\n\u001b[2m    \u001b[0m \u001b[90m 22 | \u001b[39m  })\u001b[33m;\u001b[39m\u001b[0m\u001b[22m\n\u001b[2m    \u001b[0m \u001b[90m 23 | \u001b[39m  describe(\u001b[32m'when given an invalid date'\u001b[39m\u001b[33m,\u001b[39m () \u001b[33m=>\u001b[39m {\u001b[0m\u001b[22m\n\u001b[2m    \u001b[0m \u001b[90m 24 | \u001b[39m    it(\u001b[32m'is not accepted'\u001b[39m\u001b[33m,\u001b[39m () \u001b[33m=>\u001b[39m expect(\u001b[33mDateInputHelper\u001b[39m\u001b[33m.\u001b[39mformat(\u001b[32m''\u001b[39m)\u001b[33m.\u001b[39misValid)\u001b[33m.\u001b[39mtoEqual(\u001b[36mfalse\u001b[39m))\u001b[33m;\u001b[39m\u001b[0m\u001b[22m\n\u001b[2m\u001b[22m\n\u001b[2m      \u001b[2mat Object.<anonymous> (\u001b[22m\u001b[2m\u001b[0m\u001b[36mspec/DateInputHelper.ts\u001b[39m\u001b[0m\u001b[2m:21:81)\u001b[22m\u001b[2m\u001b[22m\n\n\u001b[1m\u001b[31m  \u001b[1m● \u001b[22m\u001b[1mDateInputHelper › when given an invalid date › is not accepted\u001b[39m\u001b[22m\n\n    TypeError: Cannot read property '1' of null\n\u001b[2m\u001b[22m\n\u001b[2m    \u001b[0m \u001b[90m 30 | \u001b[39m    \u001b[33m:\u001b[39m (matchWithDelimiters \u001b[33m&&\u001b[39m (matchWithDelimiters[\u001b[35m1\u001b[39m]\u001b[33m.\u001b[39mlength\u001b[33m>\u001b[39m\u001b[35m2\u001b[39m \u001b[33m||\u001b[39m parseInt(matchWithDelimiters[\u001b[35m1\u001b[39m]\u001b[33m,\u001b[39m \u001b[35m10\u001b[39m)\u001b[33m>\u001b[39m\u001b[35m31\u001b[39m))\u001b[0m\u001b[22m\n\u001b[2m    \u001b[0m \u001b[90m 31 | \u001b[39m      \u001b[33m?\u001b[39m \u001b[33mDateTime\u001b[39m\u001b[33m.\u001b[39mfromFormat(\u001b[32m`${matchWithDelimiters[1]} ${matchWithDelimiters[2]} ${matchWithDelimiters[3]}`\u001b[39m\u001b[33m,\u001b[39m \u001b[32m'yyyy M d'\u001b[39m)\u001b[0m\u001b[22m\n\u001b[2m    \u001b[0m\u001b[31m\u001b[1m>\u001b[22m\u001b[2m\u001b[39m\u001b[90m 32 | \u001b[39m      \u001b[33m:\u001b[39m \u001b[33mDateTime\u001b[39m\u001b[33m.\u001b[39mfromFormat(\u001b[32m`${matchWithDelimiters[1]} ${matchWithDelimiters[2]} ${matchWithDelimiters[3]}`\u001b[39m\u001b[33m,\u001b[39m \u001b[32m'd M yyyy'\u001b[39m)\u001b[0m\u001b[22m\n\u001b[2m    \u001b[0m \u001b[90m    | \u001b[39m                                                  \u001b[31m\u001b[1m^\u001b[22m\u001b[2m\u001b[39m\u001b[0m\u001b[22m\n\u001b[2m    \u001b[0m \u001b[90m 33 | \u001b[39m\u001b[0m\u001b[22m\n\u001b[2m    \u001b[0m \u001b[90m 34 | \u001b[39m  \u001b[36mif\u001b[39m (formattedDate\u001b[33m.\u001b[39misValid) {\u001b[0m\u001b[22m\n\u001b[2m    \u001b[0m \u001b[90m 35 | \u001b[39m    \u001b[36mconst\u001b[39m day \u001b[33m=\u001b[39m formattedDate\u001b[33m.\u001b[39mtoFormat(\u001b[32m'dd'\u001b[39m)\u001b[33m;\u001b[39m\u001b[0m\u001b[22m\n\u001b[2m\u001b[22m\n\u001b[2m      \u001b[2mat Object.<anonymous>.exports.format (\u001b[22m\u001b[2msrc/DateInputHelper.ts\u001b[2m:32:51)\u001b[22m\u001b[2m\u001b[22m\n\u001b[2m      \u001b[2mat Object.<anonymous> (\u001b[22m\u001b[2m\u001b[0m\u001b[36mspec/DateInputHelper.ts\u001b[39m\u001b[0m\u001b[2m:24:56)\u001b[22m\u001b[2m\u001b[22m\n\n\u001b[1m\u001b[31m  \u001b[1m● \u001b[22m\u001b[1mDateInputHelper › when given an invalid date › is not accepted\u001b[39m\u001b[22m\n\n    TypeError: Cannot read property 'isValid' of undefined\n\u001b[2m\u001b[22m\n\u001b[2m    \u001b[0m \u001b[90m 23 | \u001b[39m  describe(\u001b[32m'when given an invalid date'\u001b[39m\u001b[33m,\u001b[39m () \u001b[33m=>\u001b[39m {\u001b[0m\u001b[22m\n\u001b[2m    \u001b[0m \u001b[90m 24 | \u001b[39m    it(\u001b[32m'is not accepted'\u001b[39m\u001b[33m,\u001b[39m () \u001b[33m=>\u001b[39m expect(\u001b[33mDateInputHelper\u001b[39m\u001b[33m.\u001b[39mformat(\u001b[32m''\u001b[39m)\u001b[33m.\u001b[39misValid)\u001b[33m.\u001b[39mtoEqual(\u001b[36mfalse\u001b[39m))\u001b[33m;\u001b[39m\u001b[0m\u001b[22m\n\u001b[2m    \u001b[0m\u001b[31m\u001b[1m>\u001b[22m\u001b[2m\u001b[39m\u001b[90m 25 | \u001b[39m    it(\u001b[32m'is not accepted'\u001b[39m\u001b[33m,\u001b[39m () \u001b[33m=>\u001b[39m expect(\u001b[33mDateInputHelper\u001b[39m\u001b[33m.\u001b[39mformat(\u001b[32m'32/07/2010'\u001b[39m)\u001b[33m.\u001b[39misValid)\u001b[33m.\u001b[39mtoEqual(\u001b[36mfalse\u001b[39m))\u001b[33m;\u001b[39m\u001b[0m\u001b[22m\n\u001b[2m    \u001b[0m \u001b[90m    | \u001b[39m                                                                           \u001b[31m\u001b[1m^\u001b[22m\u001b[2m\u001b[39m\u001b[0m\u001b[22m\n\u001b[2m    \u001b[0m \u001b[90m 26 | \u001b[39m    it(\u001b[32m'is not accepted'\u001b[39m\u001b[33m,\u001b[39m () \u001b[33m=>\u001b[39m expect(\u001b[33mDateInputHelper\u001b[39m\u001b[33m.\u001b[39mformat(\u001b[32m'30/13/2010'\u001b[39m)\u001b[33m.\u001b[39misValid)\u001b[33m.\u001b[39mtoEqual(\u001b[36mfalse\u001b[39m))\u001b[33m;\u001b[39m\u001b[0m\u001b[22m\n\u001b[2m    \u001b[0m \u001b[90m 27 | \u001b[39m    it(\u001b[32m'is not accepted'\u001b[39m\u001b[33m,\u001b[39m () \u001b[33m=>\u001b[39m expect(\u001b[33mDateInputHelper\u001b[39m\u001b[33m.\u001b[39mformat(\u001b[32m'29/02/2011'\u001b[39m)\u001b[33m.\u001b[39misValid)\u001b[33m.\u001b[39mtoEqual(\u001b[36mfalse\u001b[39m))\u001b[33m;\u001b[39m\u001b[0m\u001b[22m\n\u001b[2m    \u001b[0m \u001b[90m 28 | \u001b[39m    it(\u001b[32m'is not accepted'\u001b[39m\u001b[33m,\u001b[39m () \u001b[33m=>\u001b[39m expect(\u001b[33mDateInputHelper\u001b[39m\u001b[33m.\u001b[39mformat(\u001b[32m'date'\u001b[39m)\u001b[33m.\u001b[39misValid)\u001b[33m.\u001b[39mtoEqual(\u001b[36mfalse\u001b[39m))\u001b[33m;\u001b[39m\u001b[0m\u001b[22m\n\u001b[2m\u001b[22m\n\u001b[2m      \u001b[2mat Object.<anonymous> (\u001b[22m\u001b[2m\u001b[0m\u001b[36mspec/DateInputHelper.ts\u001b[39m\u001b[0m\u001b[2m:25:76)\u001b[22m\u001b[2m\u001b[22m\n\n\u001b[1m\u001b[31m  \u001b[1m● \u001b[22m\u001b[1mDateInputHelper › when given an invalid date › is not accepted\u001b[39m\u001b[22m\n\n    TypeError: Cannot read property 'isValid' of undefined\n\u001b[2m\u001b[22m\n\u001b[2m    \u001b[0m \u001b[90m 24 | \u001b[39m    it(\u001b[32m'is not accepted'\u001b[39m\u001b[33m,\u001b[39m () \u001b[33m=>\u001b[39m expect(\u001b[33mDateInputHelper\u001b[39m\u001b[33m.\u001b[39mformat(\u001b[32m''\u001b[39m)\u001b[33m.\u001b[39misValid)\u001b[33m.\u001b[39mtoEqual(\u001b[36mfalse\u001b[39m))\u001b[33m;\u001b[39m\u001b[0m\u001b[22m\n\u001b[2m    \u001b[0m \u001b[90m 25 | \u001b[39m    it(\u001b[32m'is not accepted'\u001b[39m\u001b[33m,\u001b[39m () \u001b[33m=>\u001b[39m expect(\u001b[33mDateInputHelper\u001b[39m\u001b[33m.\u001b[39mformat(\u001b[32m'32/07/2010'\u001b[39m)\u001b[33m.\u001b[39misValid)\u001b[33m.\u001b[39mtoEqual(\u001b[36mfalse\u001b[39m))\u001b[33m;\u001b[39m\u001b[0m\u001b[22m\n\u001b[2m    \u001b[0m\u001b[31m\u001b[1m>\u001b[22m\u001b[2m\u001b[39m\u001b[90m 26 | \u001b[39m    it(\u001b[32m'is not accepted'\u001b[39m\u001b[33m,\u001b[39m () \u001b[33m=>\u001b[39m expect(\u001b[33mDateInputHelper\u001b[39m\u001b[33m.\u001b[39mformat(\u001b[32m'30/13/2010'\u001b[39m)\u001b[33m.\u001b[39misValid)\u001b[33m.\u001b[39mtoEqual(\u001b[36mfalse\u001b[39m))\u001b[33m;\u001b[39m\u001b[0m\u001b[22m\n\u001b[2m    \u001b[0m \u001b[90m    | \u001b[39m                                                                           \u001b[31m\u001b[1m^\u001b[22m\u001b[2m\u001b[39m\u001b[0m\u001b[22m\n\u001b[2m    \u001b[0m \u001b[90m 27 | \u001b[39m    it(\u001b[32m'is not accepted'\u001b[39m\u001b[33m,\u001b[39m () \u001b[33m=>\u001b[39m expect(\u001b[33mDateInputHelper\u001b[39m\u001b[33m.\u001b[39mformat(\u001b[32m'29/02/2011'\u001b[39m)\u001b[33m.\u001b[39misValid)\u001b[33m.\u001b[39mtoEqual(\u001b[36mfalse\u001b[39m))\u001b[33m;\u001b[39m\u001b[0m\u001b[22m\n\u001b[2m    \u001b[0m \u001b[90m 28 | \u001b[39m    it(\u001b[32m'is not accepted'\u001b[39m\u001b[33m,\u001b[39m () \u001b[33m=>\u001b[39m expect(\u001b[33mDateInputHelper\u001b[39m\u001b[33m.\u001b[39mformat(\u001b[32m'date'\u001b[39m)\u001b[33m.\u001b[39misValid)\u001b[33m.\u001b[39mtoEqual(\u001b[36mfalse\u001b[39m))\u001b[33m;\u001b[39m\u001b[0m\u001b[22m\n\u001b[2m    \u001b[0m \u001b[90m 29 | \u001b[39m    it(\u001b[32m'is not accepted'\u001b[39m\u001b[33m,\u001b[39m () \u001b[33m=>\u001b[39m expect(\u001b[33mDateInputHelper\u001b[39m\u001b[33m.\u001b[39mformat(\u001b[32m'2nd March 2011'\u001b[39m)\u001b[33m.\u001b[39misValid)\u001b[33m.\u001b[39mtoEqual(\u001b[36mfalse\u001b[39m))\u001b[33m;\u001b[39m\u001b[0m\u001b[22m\n\u001b[2m\u001b[22m\n\u001b[2m      \u001b[2mat Object.<anonymous> (\u001b[22m\u001b[2m\u001b[0m\u001b[36mspec/DateInputHelper.ts\u001b[39m\u001b[0m\u001b[2m:26:76)\u001b[22m\u001b[2m\u001b[22m\n\n\u001b[1m\u001b[31m  \u001b[1m● \u001b[22m\u001b[1mDateInputHelper › when given an invalid date › is not accepted\u001b[39m\u001b[22m\n\n    TypeError: Cannot read property 'isValid' of undefined\n\u001b[2m\u001b[22m\n\u001b[2m    \u001b[0m \u001b[90m 25 | \u001b[39m    it(\u001b[32m'is not accepted'\u001b[39m\u001b[33m,\u001b[39m () \u001b[33m=>\u001b[39m expect(\u001b[33mDateInputHelper\u001b[39m\u001b[33m.\u001b[39mformat(\u001b[32m'32/07/2010'\u001b[39m)\u001b[33m.\u001b[39misValid)\u001b[33m.\u001b[39mtoEqual(\u001b[36mfalse\u001b[39m))\u001b[33m;\u001b[39m\u001b[0m\u001b[22m\n\u001b[2m    \u001b[0m \u001b[90m 26 | \u001b[39m    it(\u001b[32m'is not accepted'\u001b[39m\u001b[33m,\u001b[39m () \u001b[33m=>\u001b[39m expect(\u001b[33mDateInputHelper\u001b[39m\u001b[33m.\u001b[39mformat(\u001b[32m'30/13/2010'\u001b[39m)\u001b[33m.\u001b[39misValid)\u001b[33m.\u001b[39mtoEqual(\u001b[36mfalse\u001b[39m))\u001b[33m;\u001b[39m\u001b[0m\u001b[22m\n\u001b[2m    \u001b[0m\u001b[31m\u001b[1m>\u001b[22m\u001b[2m\u001b[39m\u001b[90m 27 | \u001b[39m    it(\u001b[32m'is not accepted'\u001b[39m\u001b[33m,\u001b[39m () \u001b[33m=>\u001b[39m expect(\u001b[33mDateInputHelper\u001b[39m\u001b[33m.\u001b[39mformat(\u001b[32m'29/02/2011'\u001b[39m)\u001b[33m.\u001b[39misValid)\u001b[33m.\u001b[39mtoEqual(\u001b[36mfalse\u001b[39m))\u001b[33m;\u001b[39m\u001b[0m\u001b[22m\n\u001b[2m    \u001b[0m \u001b[90m    | \u001b[39m                                                                           \u001b[31m\u001b[1m^\u001b[22m\u001b[2m\u001b[39m\u001b[0m\u001b[22m\n\u001b[2m    \u001b[0m \u001b[90m 28 | \u001b[39m    it(\u001b[32m'is not accepted'\u001b[39m\u001b[33m,\u001b[39m () \u001b[33m=>\u001b[39m expect(\u001b[33mDateInputHelper\u001b[39m\u001b[33m.\u001b[39mformat(\u001b[32m'date'\u001b[39m)\u001b[33m.\u001b[39misValid)\u001b[33m.\u001b[39mtoEqual(\u001b[36mfalse\u001b[39m))\u001b[33m;\u001b[39m\u001b[0m\u001b[22m\n\u001b[2m    \u001b[0m \u001b[90m 29 | \u001b[39m    it(\u001b[32m'is not accepted'\u001b[39m\u001b[33m,\u001b[39m () \u001b[33m=>\u001b[39m expect(\u001b[33mDateInputHelper\u001b[39m\u001b[33m.\u001b[39mformat(\u001b[32m'2nd March 2011'\u001b[39m)\u001b[33m.\u001b[39misValid)\u001b[33m.\u001b[39mtoEqual(\u001b[36mfalse\u001b[39m))\u001b[33m;\u001b[39m\u001b[0m\u001b[22m\n\u001b[2m    \u001b[0m \u001b[90m 30 | \u001b[39m    it(\u001b[32m'is not accepted'\u001b[39m\u001b[33m,\u001b[39m () \u001b[33m=>\u001b[39m expect(\u001b[33mDateInputHelper\u001b[39m\u001b[33m.\u001b[39mformat(\u001b[32m'1311'\u001b[39m)\u001b[33m.\u001b[39misValid)\u001b[33m.\u001b[39mtoEqual(\u001b[36mfalse\u001b[39m))\u001b[33m;\u001b[39m\u001b[0m\u001b[22m\n\u001b[2m\u001b[22m\n\u001b[2m      \u001b[2mat Object.<anonymous> (\u001b[22m\u001b[2m\u001b[0m\u001b[36mspec/DateInputHelper.ts\u001b[39m\u001b[0m\u001b[2m:27:76)\u001b[22m\u001b[2m\u001b[22m\n\n\u001b[1m\u001b[31m  \u001b[1m● \u001b[22m\u001b[1mDateInputHelper › when given an invalid date › is not accepted\u001b[39m\u001b[22m\n\n    TypeError: Cannot read property '1' of null\n\u001b[2m\u001b[22m\n\u001b[2m    \u001b[0m \u001b[90m 30 | \u001b[39m    \u001b[33m:\u001b[39m (matchWithDelimiters \u001b[33m&&\u001b[39m (matchWithDelimiters[\u001b[35m1\u001b[39m]\u001b[33m.\u001b[39mlength\u001b[33m>\u001b[39m\u001b[35m2\u001b[39m \u001b[33m||\u001b[39m parseInt(matchWithDelimiters[\u001b[35m1\u001b[39m]\u001b[33m,\u001b[39m \u001b[35m10\u001b[39m)\u001b[33m>\u001b[39m\u001b[35m31\u001b[39m))\u001b[0m\u001b[22m\n\u001b[2m    \u001b[0m \u001b[90m 31 | \u001b[39m      \u001b[33m?\u001b[39m \u001b[33mDateTime\u001b[39m\u001b[33m.\u001b[39mfromFormat(\u001b[32m`${matchWithDelimiters[1]} ${matchWithDelimiters[2]} ${matchWithDelimiters[3]}`\u001b[39m\u001b[33m,\u001b[39m \u001b[32m'yyyy M d'\u001b[39m)\u001b[0m\u001b[22m\n\u001b[2m    \u001b[0m\u001b[31m\u001b[1m>\u001b[22m\u001b[2m\u001b[39m\u001b[90m 32 | \u001b[39m      \u001b[33m:\u001b[39m \u001b[33mDateTime\u001b[39m\u001b[33m.\u001b[39mfromFormat(\u001b[32m`${matchWithDelimiters[1]} ${matchWithDelimiters[2]} ${matchWithDelimiters[3]}`\u001b[39m\u001b[33m,\u001b[39m \u001b[32m'd M yyyy'\u001b[39m)\u001b[0m\u001b[22m\n\u001b[2m    \u001b[0m \u001b[90m    | \u001b[39m                                                  \u001b[31m\u001b[1m^\u001b[22m\u001b[2m\u001b[39m\u001b[0m\u001b[22m\n\u001b[2m    \u001b[0m \u001b[90m 33 | \u001b[39m\u001b[0m\u001b[22m\n\u001b[2m    \u001b[0m \u001b[90m 34 | \u001b[39m  \u001b[36mif\u001b[39m (formattedDate\u001b[33m.\u001b[39misValid) {\u001b[0m\u001b[22m\n\u001b[2m    \u001b[0m \u001b[90m 35 | \u001b[39m    \u001b[36mconst\u001b[39m day \u001b[33m=\u001b[39m formattedDate\u001b[33m.\u001b[39mtoFormat(\u001b[32m'dd'\u001b[39m)\u001b[33m;\u001b[39m\u001b[0m\u001b[22m\n\u001b[2m\u001b[22m\n\u001b[2m      \u001b[2mat Object.<anonymous>.exports.format (\u001b[22m\u001b[2msrc/DateInputHelper.ts\u001b[2m:32:51)\u001b[22m\u001b[2m\u001b[22m\n\u001b[2m      \u001b[2mat Object.<anonymous> (\u001b[22m\u001b[2m\u001b[0m\u001b[36mspec/DateInputHelper.ts\u001b[39m\u001b[0m\u001b[2m:28:56)\u001b[22m\u001b[2m\u001b[22m\n\n\u001b[1m\u001b[31m  \u001b[1m● \u001b[22m\u001b[1mDateInputHelper › when given an invalid date › is not accepted\u001b[39m\u001b[22m\n\n    TypeError: Cannot read property '1' of null\n\u001b[2m\u001b[22m\n\u001b[2m    \u001b[0m \u001b[90m 30 | \u001b[39m    \u001b[33m:\u001b[39m (matchWithDelimiters \u001b[33m&&\u001b[39m (matchWithDelimiters[\u001b[35m1\u001b[39m]\u001b[33m.\u001b[39mlength\u001b[33m>\u001b[39m\u001b[35m2\u001b[39m \u001b[33m||\u001b[39m parseInt(matchWithDelimiters[\u001b[35m1\u001b[39m]\u001b[33m,\u001b[39m \u001b[35m10\u001b[39m)\u001b[33m>\u001b[39m\u001b[35m31\u001b[39m))\u001b[0m\u001b[22m\n\u001b[2m    \u001b[0m \u001b[90m 31 | \u001b[39m      \u001b[33m?\u001b[39m \u001b[33mDateTime\u001b[39m\u001b[33m.\u001b[39mfromFormat(\u001b[32m`${matchWithDelimiters[1]} ${matchWithDelimiters[2]} ${matchWithDelimiters[3]}`\u001b[39m\u001b[33m,\u001b[39m \u001b[32m'yyyy M d'\u001b[39m)\u001b[0m\u001b[22m\n\u001b[2m    \u001b[0m\u001b[31m\u001b[1m>\u001b[22m\u001b[2m\u001b[39m\u001b[90m 32 | \u001b[39m      \u001b[33m:\u001b[39m \u001b[33mDateTime\u001b[39m\u001b[33m.\u001b[39mfromFormat(\u001b[32m`${matchWithDelimiters[1]} ${matchWithDelimiters[2]} ${matchWithDelimiters[3]}`\u001b[39m\u001b[33m,\u001b[39m \u001b[32m'd M yyyy'\u001b[39m)\u001b[0m\u001b[22m\n\u001b[2m    \u001b[0m \u001b[90m    | \u001b[39m                                                  \u001b[31m\u001b[1m^\u001b[22m\u001b[2m\u001b[39m\u001b[0m\u001b[22m\n\u001b[2m    \u001b[0m \u001b[90m 33 | \u001b[39m\u001b[0m\u001b[22m\n\u001b[2m    \u001b[0m \u001b[90m 34 | \u001b[39m  \u001b[36mif\u001b[39m (formattedDate\u001b[33m.\u001b[39misValid) {\u001b[0m\u001b[22m\n\u001b[2m    \u001b[0m \u001b[90m 35 | \u001b[39m    \u001b[36mconst\u001b[39m day \u001b[33m=\u001b[39m formattedDate\u001b[33m.\u001b[39mtoFormat(\u001b[32m'dd'\u001b[39m)\u001b[33m;\u001b[39m\u001b[0m\u001b[22m\n\u001b[2m\u001b[22m\n\u001b[2m      \u001b[2mat Object.<anonymous>.exports.format (\u001b[22m\u001b[2msrc/DateInputHelper.ts\u001b[2m:32:51)\u001b[22m\u001b[2m\u001b[22m\n\u001b[2m      \u001b[2mat Object.<anonymous> (\u001b[22m\u001b[2m\u001b[0m\u001b[36mspec/DateInputHelper.ts\u001b[39m\u001b[0m\u001b[2m:29:56)\u001b[22m\u001b[2m\u001b[22m\n\n\u001b[1m\u001b[31m  \u001b[1m● \u001b[22m\u001b[1mDateInputHelper › when given an invalid date › is not accepted\u001b[39m\u001b[22m\n\n    TypeError: Cannot read property 'isValid' of undefined\n\u001b[2m\u001b[22m\n\u001b[2m    \u001b[0m \u001b[90m 28 | \u001b[39m    it(\u001b[32m'is not accepted'\u001b[39m\u001b[33m,\u001b[39m () \u001b[33m=>\u001b[39m expect(\u001b[33mDateInputHelper\u001b[39m\u001b[33m.\u001b[39mformat(\u001b[32m'date'\u001b[39m)\u001b[33m.\u001b[39misValid)\u001b[33m.\u001b[39mtoEqual(\u001b[36mfalse\u001b[39m))\u001b[33m;\u001b[39m\u001b[0m\u001b[22m\n\u001b[2m    \u001b[0m \u001b[90m 29 | \u001b[39m    it(\u001b[32m'is not accepted'\u001b[39m\u001b[33m,\u001b[39m () \u001b[33m=>\u001b[39m expect(\u001b[33mDateInputHelper\u001b[39m\u001b[33m.\u001b[39mformat(\u001b[32m'2nd March 2011'\u001b[39m)\u001b[33m.\u001b[39misValid)\u001b[33m.\u001b[39mtoEqual(\u001b[36mfalse\u001b[39m))\u001b[33m;\u001b[39m\u001b[0m\u001b[22m\n\u001b[2m    \u001b[0m\u001b[31m\u001b[1m>\u001b[22m\u001b[2m\u001b[39m\u001b[90m 30 | \u001b[39m    it(\u001b[32m'is not accepted'\u001b[39m\u001b[33m,\u001b[39m () \u001b[33m=>\u001b[39m expect(\u001b[33mDateInputHelper\u001b[39m\u001b[33m.\u001b[39mformat(\u001b[32m'1311'\u001b[39m)\u001b[33m.\u001b[39misValid)\u001b[33m.\u001b[39mtoEqual(\u001b[36mfalse\u001b[39m))\u001b[33m;\u001b[39m\u001b[0m\u001b[22m\n\u001b[2m    \u001b[0m \u001b[90m    | \u001b[39m                                                                     \u001b[31m\u001b[1m^\u001b[22m\u001b[2m\u001b[39m\u001b[0m\u001b[22m\n\u001b[2m    \u001b[0m \u001b[90m 31 | \u001b[39m    it(\u001b[32m'is not accepted'\u001b[39m\u001b[33m,\u001b[39m () \u001b[33m=>\u001b[39m expect(\u001b[33mDateInputHelper\u001b[39m\u001b[33m.\u001b[39mformat(\u001b[32m'1/3/11'\u001b[39m)\u001b[33m.\u001b[39misValid)\u001b[33m.\u001b[39mtoEqual(\u001b[36mfalse\u001b[39m))\u001b[33m;\u001b[39m\u001b[0m\u001b[22m\n\u001b[2m    \u001b[0m \u001b[90m 32 | \u001b[39m  })\u001b[33m;\u001b[39m\u001b[0m\u001b[22m\n\u001b[2m    \u001b[0m \u001b[90m 33 | \u001b[39m})\u001b[33m;\u001b[39m\u001b[0m\u001b[22m\n\u001b[2m\u001b[22m\n\u001b[2m      \u001b[2mat Object.<anonymous> (\u001b[22m\u001b[2m\u001b[0m\u001b[36mspec/DateInputHelper.ts\u001b[39m\u001b[0m\u001b[2m:30:70)\u001b[22m\u001b[2m\u001b[22m\n\n\u001b[1m\u001b[31m  \u001b[1m● \u001b[22m\u001b[1mDateInputHelper › when given an invalid date › is not accepted\u001b[39m\u001b[22m\n\n    TypeError: Cannot read property 'isValid' of undefined\n\u001b[2m\u001b[22m\n\u001b[2m    \u001b[0m \u001b[90m 29 | \u001b[39m    it(\u001b[32m'is not accepted'\u001b[39m\u001b[33m,\u001b[39m () \u001b[33m=>\u001b[39m expect(\u001b[33mDateInputHelper\u001b[39m\u001b[33m.\u001b[39mformat(\u001b[32m'2nd March 2011'\u001b[39m)\u001b[33m.\u001b[39misValid)\u001b[33m.\u001b[39mtoEqual(\u001b[36mfalse\u001b[39m))\u001b[33m;\u001b[39m\u001b[0m\u001b[22m\n\u001b[2m    \u001b[0m \u001b[90m 30 | \u001b[39m    it(\u001b[32m'is not accepted'\u001b[39m\u001b[33m,\u001b[39m () \u001b[33m=>\u001b[39m expect(\u001b[33mDateInputHelper\u001b[39m\u001b[33m.\u001b[39mformat(\u001b[32m'1311'\u001b[39m)\u001b[33m.\u001b[39misValid)\u001b[33m.\u001b[39mtoEqual(\u001b[36mfalse\u001b[39m))\u001b[33m;\u001b[39m\u001b[0m\u001b[22m\n\u001b[2m    \u001b[0m\u001b[31m\u001b[1m>\u001b[22m\u001b[2m\u001b[39m\u001b[90m 31 | \u001b[39m    it(\u001b[32m'is not accepted'\u001b[39m\u001b[33m,\u001b[39m () \u001b[33m=>\u001b[39m expect(\u001b[33mDateInputHelper\u001b[39m\u001b[33m.\u001b[39mformat(\u001b[32m'1/3/11'\u001b[39m)\u001b[33m.\u001b[39misValid)\u001b[33m.\u001b[39mtoEqual(\u001b[36mfalse\u001b[39m))\u001b[33m;\u001b[39m\u001b[0m\u001b[22m\n\u001b[2m    \u001b[0m \u001b[90m    | \u001b[39m                                                                       \u001b[31m\u001b[1m^\u001b[22m\u001b[2m\u001b[39m\u001b[0m\u001b[22m\n\u001b[2m    \u001b[0m \u001b[90m 32 | \u001b[39m  })\u001b[33m;\u001b[39m\u001b[0m\u001b[22m\n\u001b[2m    \u001b[0m \u001b[90m 33 | \u001b[39m})\u001b[33m;\u001b[39m\u001b[0m\u001b[22m\n\u001b[2m    \u001b[0m \u001b[90m 34 | \u001b[39m\u001b[0m\u001b[22m\n\u001b[2m\u001b[22m\n\u001b[2m      \u001b[2mat Object.<anonymous> (\u001b[22m\u001b[2m\u001b[0m\u001b[36mspec/DateInputHelper.ts\u001b[39m\u001b[0m\u001b[2m:31:72)\u001b[22m\u001b[2m\u001b[22m\n","name":"/Users/douglaspollock/Documents/projects/lev/components/date-input/spec/DateInputHelper.ts","startTime":1632495920120,"status":"failed","summary":""},{"assertionResults":[{"ancestorTitles":["DateInput","when given valid props"],"failureMessages":[],"fullName":"DateInput when given valid props renders","location":null,"status":"passed","title":"renders"},{"ancestorTitles":["DateInput","when given valid props"],"failureMessages":[],"fullName":"DateInput when given valid props contains the label","location":null,"status":"passed","title":"contains the label"},{"ancestorTitles":["DateInput","when given valid props"],"failureMessages":[],"fullName":"DateInput when given valid props contains the hint","location":null,"status":"passed","title":"contains the hint"}],"endTime":1632495933136,"message":"","name":"/Users/douglaspollock/Documents/projects/lev/components/date-input/spec/DateInput.ts","startTime":1632495920120,"status":"passed","summary":""}],"wasInterrupted":false,"coverageMap":{}}